Microsoft HTML Help Compiler 4.74.8702

Compiling c:\Users\nzigic\Desktop\help\help.chm

topics\introduction.htm
topics\using.htm
topics\opnCass.htm
topics\opnMongo.htm
topics\vis.htm
topics\creat.htm
img\app.png
img\open.png
img\openCass.png
img\openMongo.png
img\vis.png
img\vis_2.png
img\chs.png
img\selType.png
Contents.hhc
css\styles_standard.css

Compile time: 0 minutes, 1 second
7	Topics
22	Local links
0	Internet links
8	Graphics


Created c:\Users\nzigic\Desktop\help\help.chm, 224,517 bytes
Compression decreased file by 7,129 bytes.
